31-08-2022 21:39:47 [INFO] root: Code Started!
31-08-2022 21:39:47 [WARNING] discord.client: PyNaCl is not installed, voice will NOT be supported
31-08-2022 21:39:47 [INFO] discord.client: logging in using static token
31-08-2022 21:39:47 [INFO] discord: Extension Loaded: Cogs.Pagination
31-08-2022 21:39:47 [INFO] database: Database Connection Established!
31-08-2022 21:39:50 [INFO] spotify: Refreshing Bot Token
31-08-2022 21:39:51 [INFO] spotify: Succesfully Fetched New Bot Token
31-08-2022 21:39:51 [INFO] lavalink: No Previous Lavalink Client Found. Creating New Connection
31-08-2022 21:39:51 [INFO] lavalink.nodemanager: Added node 'eu-127.0.0.1:2333'
31-08-2022 21:39:51 [INFO] lavalink: New Client Registered
31-08-2022 21:39:51 [INFO] lavalink: Event hooks registered
31-08-2022 21:39:51 [INFO] discord: Extension Loaded: Cogs.Music
31-08-2022 21:39:51 [INFO] discord: Extension Loaded: Cogs.Utility
31-08-2022 21:39:51 [INFO] spotify: Refreshing Bot Token
31-08-2022 21:39:51 [INFO] spotify: Succesfully Fetched New Bot Token
31-08-2022 21:39:52 [INFO] discord: Extension Loaded: Cogs.Account
31-08-2022 21:39:52 [INFO] discord: Extension Loaded: Cogs.Background
31-08-2022 21:39:52 [INFO] discord: Extension Loaded: Cogs.Help
31-08-2022 21:39:52 [INFO] lavalink.websocket: [Node:eu-127.0.0.1:2333] Attempting to establish WebSocket connection (1/3)...
31-08-2022 21:39:52 [INFO] discord.gateway: Shard ID None has connected to Gateway (Session ID: 68c878ec2a6536d3181e951a5bc24ebe).
31-08-2022 21:39:54 [WARNING] lavalink.websocket: [Node:eu-127.0.0.1:2333] Invalid response received; this may indicate that Lavalink is not running, or is running on a port different to the one you provided to `add_node`.
31-08-2022 21:39:54 [INFO] discord: Waiting until ready...
31-08-2022 21:39:54 [INFO] discord: Bot Is Now Online & Ready!
31-08-2022 21:39:54 [INFO] discord.background: Started status rotation at time interval 60 seconds
